Start analyzing frontrunning
-------------Cerberus_1_straggler_delay4s-------------
-------------0000-------------
batch cnt is 1183
The average Front-Running Window is 1001.886253169907ms.
With g = 5.0ms, the frontrunning block average number is 2.425
------------------------------------
-------------Cerberus_1_straggler_delay6s-------------
batch cnt is 1244
The average Front-Running Window is 2059.65398914791ms.
With g = 5.0ms, the frontrunning block average number is 3.003770739064857
------------------------------------
-------------Cerberus_1_straggler_delay8s-------------
batch cnt is 1245
The average Front-Running Window is 2955.109136546185ms.
With g = 5.0ms, the frontrunning block average number is 3.133333333333335
------------------------------------
-------------Cerberus_1_straggler_new-------------
batch cnt is 1208
The average Front-Running Window is 4155.205349751655ms.
With g = 5.0ms, the frontrunning block average number is 3.2519607843137255
------------------------------------
-------------Cerberus_1_straggler_delay12s-------------
-------------0000-------------
batch cnt is 1246
The average Front-Running Window is 5275.223063804174ms.
With g = 5.0ms, the frontrunning block average number is 2.7947932618683002
------------------------------------
-------------Cerberus_2_straggler_new-------------
batch cnt is 1306
The average Front-Running Window is 4490.392132465544ms.
With g = 5.0ms, the frontrunning block average number is 3.3462732919254656
------------------------------------
-------------Cerberus_3_straggler_new-------------
batch cnt is 1296
The average Front-Running Window is 4592.240837191358ms.
With g = 5.0ms, the frontrunning block average number is 3.031496062992126
------------------------------------
-------------Cerberus_4_straggler_new-------------
batch cnt is 1289
The average Front-Running Window is 5206.799117532971ms.
With g = 5.0ms, the frontrunning block average number is 3.479134466769706
------------------------------------
-------------Cerberus_5_straggler_new-------------
batch cnt is 1795
The average Front-Running Window is 6886.991817548746ms.
With g = 5.0ms, the frontrunning block average number is 4.403891050583658
------------------------------------
